
===========================================================================
Model "BM6_13" exists. Name "BM6_13_1_2_3_4" used instead.
===========================================================================

===========================================================================
Model "FSDF_ASM_6" exists. Name "FSDF_ASM_6_1_2" used instead.
===========================================================================

===========================================================================
Model "PRT0002_46" exists. Name "PRT0002_46_1_2" used instead.
===========================================================================

===========================================================================
Model "BM1_4" exists. Name "BM1_4_1_2" used instead.
===========================================================================

===========================================================================
Model "BM4_8" exists. Name "BM4_8_1_2" used instead.
===========================================================================

===========================================================================
Model "BM7_2" exists. Name "BM7_2_1_2" used instead.
===========================================================================

===========================================================================
Model "BM8_2" exists. Name "BM8_2_1_2" used instead.
===========================================================================

===========================================================================
Model "BM9_1" exists. Name "BM9_1_1_2" used instead.
===========================================================================
