-------------------------------------------------
The trace creation timestamp is: Sun Feb 05 19:17:27 17
The executable build timestamp is: Tue Dec 01 07:38:45 15
The datecode is: 2015380
The pro machine type is: x86e_win64
The process ID is: 8368
The traceback type is : CRASH
The logger exit status is: 00103
The release is: 3.0
The external datecode is: M070
The product title is: Creo Parametric
-------------------------------------------------
Exception EXCEPTION_ACCESS_VIOLATION has occurred in the thread 6592.

Main Thread 6592
=====================
ERROR: Module information could not be found, GetLastError: 1114 (Address: 0000000000000000)
0x0000000145889630	NULL (NULL:0) (xtop:0x000000013F650000) ( 0xd, 0x1, 0x2a, 0x0 ) 
0x000007FEE6773DDC	NULL (NULL:0) (libui_sh:0x000007FEE65E0000) ( 0x1c8738f8, 0xe660ad40, 0x0, 0x0 ) 
0x000007FEE6774007	NULL (NULL:0) (libui_sh:0x000007FEE65E0000) ( 0x0, 0x1449f810, 0x0, 0x149d38e0 ) 
0x00000001458E8B9C	NULL (NULL:0) (xtop:0x000000013F650000) ( 0x1265f918, 0x0, 0x0, 0x0 ) 
0x00000001458CDD5D	NULL (NULL:0) (xtop:0x000000013F650000) ( 0x1449f810, 0x1c8738f8, 0x3dd32b0, 0xe686d485 ) 
0x00000001443CE62A	NULL (NULL:0) (xtop:0x000000013F650000) ( 0x0, 0xe6bdfa82, 0x110a, 0xe5c715f4 ) 
0x000007FEEA934E34	NULL (NULL:0) (asyncoremt:0x000007FEEA930000) ( 0x1456970, 0x1456970, 0x14de93f0, 0x14de93f0 ) 
0x000007FEEA934826	NULL (NULL:0) (asyncoremt:0x000007FEEA930000) ( 0x14de93f0, 0x1, 0x3e58928, 0x3dd32b0 ) 
0x000007FEEA938056	NULL (NULL:0) (asyncoremt:0x000007FEEA930000) ( 0x3e58928, 0xffffffff, 0x1, 0x1 ) 
0x000007FEEA93A2F6	NULL (NULL:0) (asyncoremt:0x000007FEEA930000) ( 0x0, 0x0, 0x3e58928, 0x0 ) 
0x000007FEEA94E10E	NULL (NULL:0) (asyncoremt:0x000007FEEA930000) ( 0x14de8630, 0x1, 0x1e, 0xed712230 ) 
0x000007FEEA93ECF2	NULL (NULL:0) (asyncoremt:0x000007FEEA930000) ( 0x0, 0x0, 0x40, 0xf8356000 ) 
0x000007FEEBB064B9	NULL (NULL:0) (licommonmt:0x000007FEEBB00000) ( 0xe4cc5000, 0x0, 0x0, 0x1 ) 
0x000007FEEBB062DB	NULL (NULL:0) (licommonmt:0x000007FEEBB00000) ( 0x0, 0x0, 0x1, 0x4 ) 
0x000007FEFB632578	NULL (NULL:0) (liappcoremt:0x000007FEFB630000) ( 0x0, 0x0, 0x0, 0x0 ) 
0x000007FEE6DBF270	NULL (NULL:0) (coretools_sh:0x000007FEE6D90000) ( 0x0, 0x4, 0x4, 0x0 ) 
0x0000000140A0FABA	NULL (NULL:0) (xtop:0x000000013F650000) ( 0x4df26a30, 0x0, 0x4, 0x4 ) 
0x0000000146B90CCF	NULL (NULL:0) (xtop:0x000000013F650000) ( 0x1, 0x84f9e0, 0x4, 0x1 ) 
0x0000000146B90BE8	NULL (NULL:0) (xtop:0x000000013F650000) ( 0x9a524b, 0xa, 0xa, 0x0 ) 
0x0000000140654DB0	NULL (NULL:0) (xtop:0x000000013F650000) ( 0x0, 0x0, 0x0, 0x0 ) 
0x000000007727652D	NULL (NULL:0) (kernel32:0x0000000077260000) ( 0x0, 0x0, 0x0, 0x0 ) 

Thread 9028
=====================
0x00000000773D135A	NULL (NULL:0) (ntdll:0x0000000077380000) ( 0x0, 0xea93dd88, 0x0, 0x482fca8 ) 
0x000007FEFD5F10AC	NULL (NULL:0) (KERNELBASE:0x000007FEFD5F0000) ( 0x3e51620, 0x1, 0x0, 0x270 ) 
0x000007FEEA9626A4	NULL (NULL:0) (asyncoremt:0x000007FEEA930000) ( 0xebf0e200, 0x2, 0x0, 0xebeccb82 ) 
0x000007FEEA95C8CD	NULL (NULL:0) (asyncoremt:0x000007FEEA930000) ( 0x3e51620, 0x3dd8360, 0x3db7348, 0x0 ) 
0x000007FEEA95C639	NULL (NULL:0) (asyncoremt:0x000007FEEA930000) ( 0x0, 0x14566b0, 0x0, 0x3dd8360 ) 
0x000007FEEA95CA1D	NULL (NULL:0) (asyncoremt:0x000007FEEA930000) ( 0x0, 0x3715f70, 0x0, 0x0 ) 
0x000007FEE6A53FEF	NULL (NULL:0) (MSVCR110:0x000007FEE6A30000) ( 0x0, 0x0, 0x0, 0x0 ) 
0x000007FEE6A54196	NULL (NULL:0) (MSVCR110:0x000007FEE6A30000) ( 0x0, 0x0, 0x0, 0x0 ) 
0x000000007727652D	NULL (NULL:0) (kernel32:0x0000000077260000) ( 0x0, 0x0, 0x0, 0x0 ) 

Thread 7960
=====================
0x00000000773D18CA	NULL (NULL:0) (ntdll:0x0000000077380000) ( 0x0, 0x18002692, 0x340032, 0x3709e20 ) 
0x000007FEFD5F1420	NULL (NULL:0) (KERNELBASE:0x000007FEFD5F0000) ( 0x50df860, 0x50df850, 0x0, 0x950000 ) 
0x0000000077282D53	NULL (NULL:0) (kernel32:0x0000000077260000) ( 0x50df8e0, 0xffffffff, 0x1, 0x2a4 ) 
0x0000000077178F7D	NULL (NULL:0) (USER32:0x0000000077160000) ( 0x3e516a0, 0xea972df0, 0x0, 0x80b84 ) 
0x00000000771762B2	NULL (NULL:0) (USER32:0x0000000077160000) ( 0x80b84, 0x0, 0xebf0e218, 0xebecf460 ) 
0x000007FEEA962556	NULL (NULL:0) (asyncoremt:0x000007FEEA930000) ( 0x3db7300, 0x3e516a0, 0x3e5b160, 0xebeccb82 ) 
0x000007FEEA95C8CD	NULL (NULL:0) (asyncoremt:0x000007FEEA930000) ( 0x3e516a0, 0x3e5b160, 0x3db7348, 0x0 ) 
0x000007FEEA95C639	NULL (NULL:0) (asyncoremt:0x000007FEEA930000) ( 0x0, 0x14566b0, 0x0, 0x3e5b160 ) 
0x000007FEEA95CA1D	NULL (NULL:0) (asyncoremt:0x000007FEEA930000) ( 0x0, 0x37163f0, 0x0, 0x0 ) 
0x000007FEE6A53FEF	NULL (NULL:0) (MSVCR110:0x000007FEE6A30000) ( 0xe6af1db0, 0x0, 0x0, 0x0 ) 
0x000007FEE6A54196	NULL (NULL:0) (MSVCR110:0x000007FEE6A30000) ( 0x0, 0x0, 0x0, 0x0 ) 
0x000000007727652D	NULL (NULL:0) (kernel32:0x0000000077260000) ( 0x0, 0x0, 0x0, 0x0 ) 

Thread 9052
=====================
0x00000000773D18CA	NULL (NULL:0) (ntdll:0x0000000077380000) ( 0x3e48270, 0xe6bdd5cb, 0x0, 0x19ca838 ) 
0x000007FEFD5F1420	NULL (NULL:0) (KERNELBASE:0x000007FEFD5F0000) ( 0x5a6f710, 0x5a6f6f0, 0x0, 0xfd5f10fc ) 
0x0000000077282D53	NULL (NULL:0) (kernel32:0x0000000077260000) ( 0x0, 0x5a6fa40, 0x3e5ad28, 0x5a6f880 ) 
0x000007FEEA93A7FB	NULL (NULL:0) (asyncoremt:0x000007FEEA930000) ( 0x3e5ad28, 0x5a6f880, 0x10, 0x0 ) 
0x000007FEEA93A720	NULL (NULL:0) (asyncoremt:0x000007FEEA930000) ( 0x3e5ad28, 0xb9668447, 0x1, 0x294 ) 
0x000007FEEA93A78F	NULL (NULL:0) (asyncoremt:0x000007FEEA930000) ( 0xb9668447, 0xb9668447, 0x1, 0x3e5abe8 ) 
0x000007FEEA936448	NULL (NULL:0) (asyncoremt:0x000007FEEA930000) ( 0x1, 0x3e5aba0, 0x0, 0x0 ) 
0x000007FEEA96265B	NULL (NULL:0) (asyncoremt:0x000007FEEA930000) ( 0xebf0e200, 0x4, 0x0, 0xebeccb82 ) 
0x000007FEEA95C8CD	NULL (NULL:0) (asyncoremt:0x000007FEEA930000) ( 0x3e5aba0, 0x3e66380, 0x3db7348, 0x0 ) 
0x000007FEEA95C639	NULL (NULL:0) (asyncoremt:0x000007FEEA930000) ( 0x0, 0x14566b0, 0x0, 0x3e66380 ) 
0x000007FEEA95CA1D	NULL (NULL:0) (asyncoremt:0x000007FEEA930000) ( 0x0, 0x3715f70, 0x0, 0x0 ) 
0x000007FEE6A53FEF	NULL (NULL:0) (MSVCR110:0x000007FEE6A30000) ( 0xe6af1db0, 0x0, 0x0, 0x0 ) 
0x000007FEE6A54196	NULL (NULL:0) (MSVCR110:0x000007FEE6A30000) ( 0x0, 0x0, 0x0, 0x0 ) 
0x000000007727652D	NULL (NULL:0) (kernel32:0x0000000077260000) ( 0x0, 0x0, 0x0, 0x0 ) 

Thread 6456
=====================
0x00000000773D18CA	NULL (NULL:0) (ntdll:0x0000000077380000) ( 0x70, 0x950000, 0x14c3cd88, 0xfd5f3ae0 ) 
0x000007FEFD5F1420	NULL (NULL:0) (KERNELBASE:0x000007FEFD5F0000) ( 0x62bf8e0, 0x62bf8c0, 0x0, 0xea95cafe ) 
0x0000000077282D53	NULL (NULL:0) (kernel32:0x0000000077260000) ( 0x0, 0x62bfc10, 0x3e65f48, 0x62bfa50 ) 
0x000007FEEA93A7FB	NULL (NULL:0) (asyncoremt:0x000007FEEA930000) ( 0x3e65f48, 0x62bfa50, 0x10, 0xea938798 ) 
0x000007FEEA93A720	NULL (NULL:0) (asyncoremt:0x000007FEEA930000) ( 0x3e65f48, 0xbe14dd84, 0x1, 0x3e65df0 ) 
0x000007FEEA93A78F	NULL (NULL:0) (asyncoremt:0x000007FEEA930000) ( 0xbe14dd84, 0xbe14dd84, 0xbeb69730, 0x3e65df0 ) 
0x000007FEEA936448	NULL (NULL:0) (asyncoremt:0x000007FEEA930000) ( 0x0, 0x3e65d00, 0x4, 0xbeb69730 ) 
0x000007FEEA9626CB	NULL (NULL:0) (asyncoremt:0x000007FEEA930000) ( 0xebec0000, 0x5, 0x0, 0x0 ) 
0x000007FEEA95D187	NULL (NULL:0) (asyncoremt:0x000007FEEA930000) ( 0x3db7300, 0x3e65da0, 0x3e666a0, 0x3e472b0 ) 
0x000007FEEA95C8CD	NULL (NULL:0) (asyncoremt:0x000007FEEA930000) ( 0x3e65da0, 0x3e666a0, 0x3db7348, 0x0 ) 
0x000007FEEA95C639	NULL (NULL:0) (asyncoremt:0x000007FEEA930000) ( 0x0, 0x14566b0, 0x0, 0x3e666a0 ) 
0x000007FEEA95CA1D	NULL (NULL:0) (asyncoremt:0x000007FEEA930000) ( 0x0, 0x37163f0, 0x0, 0x0 ) 
0x000007FEE6A53FEF	NULL (NULL:0) (MSVCR110:0x000007FEE6A30000) ( 0xe6af1db0, 0x0, 0x0, 0x0 ) 
0x000007FEE6A54196	NULL (NULL:0) (MSVCR110:0x000007FEE6A30000) ( 0x0, 0x0, 0x0, 0x0 ) 
0x000000007727652D	NULL (NULL:0) (kernel32:0x0000000077260000) ( 0x0, 0x0, 0x0, 0x0 ) 

Thread 9064
=====================
0x00000000773D18CA	NULL (NULL:0) (ntdll:0x0000000077380000) ( 0x2, 0x0, 0x77484550, 0x77484550 ) 
0x000000007739B007	NULL (NULL:0) (ntdll:0x0000000077380000) ( 0x0, 0x0, 0x0, 0xb555ab96 ) 
0x000000007727652D	NULL (NULL:0) (kernel32:0x0000000077260000) ( 0x0, 0x0, 0x0, 0x0 ) 

Thread 8500
=====================
0x00000000773D135A	NULL (NULL:0) (ntdll:0x0000000077380000) ( 0x14c3bf10, 0x7728307a, 0x0, 0x1456880 ) 
0x000007FEFD5F10AC	NULL (NULL:0) (KERNELBASE:0x000007FEFD5F0000) ( 0xa8cee8, 0xc8f750, 0x0, 0x3f4 ) 
0x000007FEE6BEC719	NULL (NULL:0) (baselibmt:0x000007FEE6BC0000) ( 0x0, 0x3735201, 0x954ba8, 0x40 ) 
0x000007FEE6C9CDD6	NULL (NULL:0) (baselibmt:0x000007FEE6BC0000) ( 0x3735200, 0x0, 0xa8ced0, 0x3c ) 
0x000007FEE6A53FEF	NULL (NULL:0) (MSVCR110:0x000007FEE6A30000) ( 0xe6af1db0, 0x0, 0x0, 0x0 ) 
0x000007FEE6A54196	NULL (NULL:0) (MSVCR110:0x000007FEE6A30000) ( 0x0, 0x0, 0x0, 0x0 ) 
0x000000007727652D	NULL (NULL:0) (kernel32:0x0000000077260000) ( 0x0, 0x0, 0x0, 0x0 ) 

Thread 6864
=====================
0x00000000773D2C1A	NULL (NULL:0) (ntdll:0x0000000077380000) ( 0x37521a0, 0x0, 0x774845e8, 0x0 ) 
0x000000007739FE0B	NULL (NULL:0) (ntdll:0x0000000077380000) ( 0x0, 0x0, 0x0, 0x0 ) 
0x000000007727652D	NULL (NULL:0) (kernel32:0x0000000077260000) ( 0x0, 0x0, 0x0, 0x0 ) 

Thread 7520
=====================
0x00000000773D2C1A	NULL (NULL:0) (ntdll:0x0000000077380000) ( 0x1, 0x30000, 0x774845e8, 0x0 ) 
0x000000007739FE0B	NULL (NULL:0) (ntdll:0x0000000077380000) ( 0x0, 0x0, 0x0, 0x0 ) 
0x000000007727652D	NULL (NULL:0) (kernel32:0x0000000077260000) ( 0x0, 0x0, 0x0, 0x0 ) 

Thread 5872
=====================
0x00000000773D135A	NULL (NULL:0) (ntdll:0x0000000077380000) ( 0x0, 0x1, 0x1, 0xea95c409 ) 
0x000007FEFD5F10AC	NULL (NULL:0) (KERNELBASE:0x000007FEFD5F0000) ( 0x3db7348, 0x0, 0x0, 0x6a4 ) 
0x000007FEE6BEC745	NULL (NULL:0) (baselibmt:0x000007FEE6BC0000) ( 0x1, 0x3db7348, 0x3db7348, 0x0 ) 
0x000007FEEA95C723	NULL (NULL:0) (asyncoremt:0x000007FEEA930000) ( 0x0, 0x14566b0, 0x0, 0xcdc680 ) 
0x000007FEEA95CA1D	NULL (NULL:0) (asyncoremt:0x000007FEEA930000) ( 0x0, 0x375ee20, 0x0, 0x0 ) 
0x000007FEE6A53FEF	NULL (NULL:0) (MSVCR110:0x000007FEE6A30000) ( 0xe6af1db0, 0x0, 0x0, 0x0 ) 
0x000007FEE6A54196	NULL (NULL:0) (MSVCR110:0x000007FEE6A30000) ( 0x0, 0x0, 0x0, 0x0 ) 
0x000000007727652D	NULL (NULL:0) (kernel32:0x0000000077260000) ( 0x0, 0x0, 0x0, 0x0 ) 

Thread 8744
=====================
0x00000000773D18CA	NULL (NULL:0) (ntdll:0x0000000077380000) ( 0x0, 0x0, 0x0, 0x0 ) 
0x000007FEFD5F1420	NULL (NULL:0) (KERNELBASE:0x000007FEFD5F0000) ( 0xbbff5b8, 0xbbff580, 0x0, 0x0 ) 
0x0000000077282D53	NULL (NULL:0) (kernel32:0x0000000077260000) ( 0xbbff610, 0xffffffff, 0x6, 0x6f4 ) 
0x0000000077178F7D	NULL (NULL:0) (USER32:0x0000000077160000) ( 0x30f2e, 0xbbff800, 0x0, 0x10f90 ) 
0x00000000771762B2	NULL (NULL:0) (USER32:0x0000000077160000) ( 0x0, 0xfd5f719a, 0x80000000, 0x0 ) 
0x00000000771762E0	NULL (NULL:0) (USER32:0x0000000077160000) ( 0x10f90, 0xbbff800, 0x0, 0x0 ) 
0x0000000051EDDC5D	NULL (NULL:0) (nvoglv64:0x00000000513D0000) ( 0x0, 0x0, 0x0, 0x0 ) 
0x000000007727652D	NULL (NULL:0) (kernel32:0x0000000077260000) ( 0x0, 0x0, 0x0, 0x0 ) 

Thread 8980
=====================
0x00000000773D135A	NULL (NULL:0) (ntdll:0x0000000077380000) ( 0x0, 0x77173a6f, 0x1ea82c0, 0x1 ) 
0x000007FEFD5F10AC	NULL (NULL:0) (KERNELBASE:0x000007FEFD5F0000) ( 0xc510080, 0xc7535c8, 0x0, 0x71c ) 
0x0000000051EE2B6A	NULL (NULL:0) (nvoglv64:0x00000000513D0000) ( 0x103, 0x186a0, 0xc510080, 0x186a0 ) 
0x0000000051CB175D	NULL (NULL:0) (nvoglv64:0x00000000513D0000) ( 0xc510080, 0x0, 0x0, 0x0 ) 
0x0000000051CB1418	NULL (NULL:0) (nvoglv64:0x00000000513D0000) ( 0x0, 0x0, 0x0, 0x0 ) 
0x0000000051EE4AA7	NULL (NULL:0) (nvoglv64:0x00000000513D0000) ( 0x0, 0x0, 0x0, 0x0 ) 
0x000000007727652D	NULL (NULL:0) (kernel32:0x0000000077260000) ( 0x0, 0x0, 0x0, 0x0 ) 

Thread 9076
=====================
0x00000000773D2C1A	NULL (NULL:0) (ntdll:0x0000000077380000) ( 0x3728301, 0x0, 0x774845e8, 0x77484610 ) 
0x000000007739FE0B	NULL (NULL:0) (ntdll:0x0000000077380000) ( 0x0, 0x0, 0x0, 0x0 ) 
0x000000007727652D	NULL (NULL:0) (kernel32:0x0000000077260000) ( 0x0, 0x0, 0x0, 0x0 ) 

Thread 3492
=====================
0x00000000773D2C1A	NULL (NULL:0) (ntdll:0x0000000077380000) ( 0x0, 0x0, 0x774845e8, 0x3708fa8 ) 
0x000000007739FE0B	NULL (NULL:0) (ntdll:0x0000000077380000) ( 0x0, 0x0, 0x0, 0x0 ) 
0x000000007727652D	NULL (NULL:0) (kernel32:0x0000000077260000) ( 0x0, 0x0, 0x0, 0x0 ) 

Thread 8812
=====================
0x00000000773D135A	NULL (NULL:0) (ntdll:0x0000000077380000) ( 0xced3c8, 0xebecec29, 0x8, 0x8 ) 
0x000007FEFD5F10AC	NULL (NULL:0) (KERNELBASE:0x000007FEFD5F0000) ( 0xbea0cb8, 0xc8f160, 0x0, 0x82c ) 
0x000007FEE6BEC719	NULL (NULL:0) (baselibmt:0x000007FEE6BC0000) ( 0x0, 0x3762401, 0x954ba8, 0x40 ) 
0x000007FEE6C9CDD6	NULL (NULL:0) (baselibmt:0x000007FEE6BC0000) ( 0x3762400, 0x0, 0xbea0ca0, 0x7fffffff ) 
0x000007FEE6A53FEF	NULL (NULL:0) (MSVCR110:0x000007FEE6A30000) ( 0xe6af1db0, 0x0, 0x0, 0x0 ) 
0x000007FEE6A54196	NULL (NULL:0) (MSVCR110:0x000007FEE6A30000) ( 0x0, 0x0, 0x0, 0x0 ) 
0x000000007727652D	NULL (NULL:0) (kernel32:0x0000000077260000) ( 0x0, 0x0, 0x0, 0x0 ) 

Thread 1504
=====================
0x00000000773D135A	NULL (NULL:0) (ntdll:0x0000000077380000) ( 0xcdce68, 0xebecec29, 0x10, 0x10 ) 
0x000007FEFD5F10AC	NULL (NULL:0) (KERNELBASE:0x000007FEFD5F0000) ( 0xbea0d38, 0xc8ff08, 0x0, 0x838 ) 
0x000007FEE6BEC719	NULL (NULL:0) (baselibmt:0x000007FEE6BC0000) ( 0x0, 0x3763701, 0x954ba8, 0x40 ) 
0x000007FEE6C9CDD6	NULL (NULL:0) (baselibmt:0x000007FEE6BC0000) ( 0x3763700, 0x0, 0xbea0d20, 0x7fffffff ) 
0x000007FEE6A53FEF	NULL (NULL:0) (MSVCR110:0x000007FEE6A30000) ( 0xe6af1db0, 0x0, 0x0, 0x0 ) 
0x000007FEE6A54196	NULL (NULL:0) (MSVCR110:0x000007FEE6A30000) ( 0x0, 0x0, 0x0, 0x0 ) 
0x000000007727652D	NULL (NULL:0) (kernel32:0x0000000077260000) ( 0x0, 0x0, 0x0, 0x0 ) 

Thread 5692
=====================
0x00000000773D165A	NULL (NULL:0) (ntdll:0x0000000077380000) ( 0x134dfa68, 0xe6dcf4a9, 0x1, 0x53 ) 
0x000007FEFD5F1203	NULL (NULL:0) (KERNELBASE:0x000007FEFD5F0000) ( 0x4de86e30, 0x0, 0x0, 0x0 ) 
0x000007FEE6C9EF98	NULL (NULL:0) (baselibmt:0x000007FEE6BC0000) ( 0x4de86e30, 0x1, 0x0, 0x0 ) 
0x0000000144635851	NULL (NULL:0) (xtop:0x000000013F650000) ( 0x0, 0x7fffffff, 0x3763700, 0xe6dce8b3 ) 
0x000007FEE6DCEFE1	NULL (NULL:0) (coretools_sh:0x000007FEE6D90000) ( 0x0, 0x0, 0x0, 0x3763700 ) 
0x000007FEE6C9CBA2	NULL (NULL:0) (baselibmt:0x000007FEE6BC0000) ( 0x3763700, 0x0, 0xbea0da0, 0x7fffffff ) 
0x000007FEE6A53FEF	NULL (NULL:0) (MSVCR110:0x000007FEE6A30000) ( 0xe6af1db0, 0x0, 0x0, 0x0 ) 
0x000007FEE6A54196	NULL (NULL:0) (MSVCR110:0x000007FEE6A30000) ( 0x0, 0x0, 0x0, 0x0 ) 
0x000000007727652D	NULL (NULL:0) (kernel32:0x0000000077260000) ( 0x0, 0x0, 0x0, 0x0 ) 

Thread 5476
=====================
0x00000000773D2C1A	NULL (NULL:0) (ntdll:0x0000000077380000) ( 0x30000, 0x0, 0x774845e8, 0x0 ) 
0x000000007739FE0B	NULL (NULL:0) (ntdll:0x0000000077380000) ( 0x0, 0x0, 0x0, 0x0 ) 
0x000000007727652D	NULL (NULL:0) (kernel32:0x0000000077260000) ( 0x0, 0x0, 0x0, 0x0 ) 

Thread 9188
=====================
0x00000000773D135A	NULL (NULL:0) (ntdll:0x0000000077380000) ( 0x0, 0x954ba8, 0x0, 0x0 ) 
0x000007FEFD5F10AC	NULL (NULL:0) (KERNELBASE:0x000007FEFD5F0000) ( 0x0, 0x3ef1f10, 0x0, 0x990 ) 
0x000007FEE6BF28BA	NULL (NULL:0) (baselibmt:0x000007FEE6BC0000) ( 0x0, 0x14a47bc0, 0x0, 0x3e4 ) 
0x000007FEE88C0CE3	NULL (NULL:0) (coreutils_sh:0x000007FEE88B0000) ( 0x0, 0x15b3ad00, 0x954ba8, 0x40 ) 
0x000007FEE6C9CBA2	NULL (NULL:0) (baselibmt:0x000007FEE6BC0000) ( 0x15b3ad00, 0x0, 0x15679d90, 0x7fffffff ) 
0x000007FEE6A53FEF	NULL (NULL:0) (MSVCR110:0x000007FEE6A30000) ( 0xe6af1db0, 0x0, 0x0, 0x0 ) 
0x000007FEE6A54196	NULL (NULL:0) (MSVCR110:0x000007FEE6A30000) ( 0x0, 0x0, 0x0, 0x0 ) 
0x000000007727652D	NULL (NULL:0) (kernel32:0x0000000077260000) ( 0x0, 0x0, 0x0, 0x0 ) 

Thread 5372
=====================
0x00000000773D135A	NULL (NULL:0) (ntdll:0x0000000077380000) ( 0x15071198, 0xe6c9a612, 0xceccb0, 0xebecd9e9 ) 
0x000007FEFD5F10AC	NULL (NULL:0) (KERNELBASE:0x000007FEFD5F0000) ( 0x15679d28, 0x14a4af68, 0x0, 0xaf8 ) 
0x000007FEE6BEC719	NULL (NULL:0) (baselibmt:0x000007FEE6BC0000) ( 0x0, 0x15b3ad01, 0x0, 0x15b3ad00 ) 
0x000007FEE6C9CDD6	NULL (NULL:0) (baselibmt:0x000007FEE6BC0000) ( 0x15b3ad00, 0x0, 0x15679d10, 0x7fffffff ) 
0x000007FEE6A53FEF	NULL (NULL:0) (MSVCR110:0x000007FEE6A30000) ( 0xe6af1db0, 0x0, 0x0, 0x0 ) 
0x000007FEE6A54196	NULL (NULL:0) (MSVCR110:0x000007FEE6A30000) ( 0x0, 0x0, 0x0, 0x0 ) 
0x000000007727652D	NULL (NULL:0) (kernel32:0x0000000077260000) ( 0x0, 0x0, 0x0, 0x0 ) 

Thread 6704
=====================
0x00000000773D13AA	NULL (NULL:0) (ntdll:0x0000000077380000) ( 0x0, 0x0, 0xfcb44f50, 0xfcb00000 ) 
0x000007FEFCB05971	NULL (NULL:0) (mswsock:0x000007FEFCB00000) ( 0xfcb059e0, 0x8501ab0, 0x0, 0x0 ) 
0x000000007727652D	NULL (NULL:0) (kernel32:0x0000000077260000) ( 0x0, 0x0, 0x0, 0x0 ) 

Thread 3128
=====================
0x00000000773D165A	NULL (NULL:0) (ntdll:0x0000000077380000) ( 0x1df6fc58, 0xe6e11f7d, 0x0, 0x0 ) 
0x000007FEFD5F1203	NULL (NULL:0) (KERNELBASE:0x000007FEFD5F0000) ( 0x0, 0x0, 0x0, 0x0 ) 
0x000007FEED711879	NULL (NULL:0) (exitlogger_app_sh:0x000007FEED710000) ( 0x3c, 0x12c, 0x0, 0x15b3e4b0 ) 
0x000007FEE6C9CBA2	NULL (NULL:0) (baselibmt:0x000007FEE6BC0000) ( 0x15b3b700, 0x0, 0x15679010, 0x0 ) 
0x000007FEE6A53FEF	NULL (NULL:0) (MSVCR110:0x000007FEE6A30000) ( 0xe6af1db0, 0x0, 0x0, 0x0 ) 
0x000007FEE6A54196	NULL (NULL:0) (MSVCR110:0x000007FEE6A30000) ( 0x0, 0x0, 0x0, 0x0 ) 
0x000000007727652D	NULL (NULL:0) (kernel32:0x0000000077260000) ( 0x0, 0x0, 0x0, 0x0 ) 

Thread 8100
=====================
0x00000000773D135A	NULL (NULL:0) (ntdll:0x0000000077380000) ( 0x0, 0x1, 0x1, 0xea95c409 ) 
0x000007FEFD5F10AC	NULL (NULL:0) (KERNELBASE:0x000007FEFD5F0000) ( 0x3db7348, 0x1fa4, 0x0, 0x9a0 ) 
0x000007FEE6BEC745	NULL (NULL:0) (baselibmt:0x000007FEE6BC0000) ( 0x1, 0x3db7348, 0x3db7348, 0x0 ) 
0x000007FEEA95C723	NULL (NULL:0) (asyncoremt:0x000007FEEA930000) ( 0x0, 0x14566b0, 0x0, 0xe4192c0 ) 
0x000007FEEA95CA1D	NULL (NULL:0) (asyncoremt:0x000007FEEA930000) ( 0x0, 0x15b3b710, 0x0, 0x0 ) 
0x000007FEE6A53FEF	NULL (NULL:0) (MSVCR110:0x000007FEE6A30000) ( 0xe6af1db0, 0x0, 0x0, 0x0 ) 
0x000007FEE6A54196	NULL (NULL:0) (MSVCR110:0x000007FEE6A30000) ( 0x0, 0x0, 0x0, 0x0 ) 
0x000000007727652D	NULL (NULL:0) (kernel32:0x0000000077260000) ( 0x0, 0x0, 0x0, 0x0 ) 

Thread 8924
=====================
0x00000000773D135A	NULL (NULL:0) (ntdll:0x0000000077380000) ( 0x0, 0x1, 0x1, 0xea95c409 ) 
0x000007FEFD5F10AC	NULL (NULL:0) (KERNELBASE:0x000007FEFD5F0000) ( 0x3db7348, 0x22dc, 0x0, 0x994 ) 
0x000007FEE6BEC745	NULL (NULL:0) (baselibmt:0x000007FEE6BC0000) ( 0x1, 0x3db7348, 0x3db7348, 0x0 ) 
0x000007FEEA95C723	NULL (NULL:0) (asyncoremt:0x000007FEEA930000) ( 0x0, 0x14566b0, 0x0, 0xed71a70 ) 
0x000007FEEA95CA1D	NULL (NULL:0) (asyncoremt:0x000007FEEA930000) ( 0x0, 0x15b3b710, 0x0, 0x0 ) 
0x000007FEE6A53FEF	NULL (NULL:0) (MSVCR110:0x000007FEE6A30000) ( 0xe6af1db0, 0x0, 0x0, 0x0 ) 
0x000007FEE6A54196	NULL (NULL:0) (MSVCR110:0x000007FEE6A30000) ( 0x0, 0x0, 0x0, 0x0 ) 
0x000000007727652D	NULL (NULL:0) (kernel32:0x0000000077260000) ( 0x0, 0x0, 0x0, 0x0 ) 

Thread 8804
=====================
0x00000000773D135A	NULL (NULL:0) (ntdll:0x0000000077380000) ( 0x0, 0x1, 0x1, 0xea95c409 ) 
0x000007FEFD5F10AC	NULL (NULL:0) (KERNELBASE:0x000007FEFD5F0000) ( 0x3db7348, 0x2264, 0x0, 0x988 ) 
0x000007FEE6BEC745	NULL (NULL:0) (baselibmt:0x000007FEE6BC0000) ( 0x1, 0x3db7348, 0x3db7348, 0x0 ) 
0x000007FEEA95C723	NULL (NULL:0) (asyncoremt:0x000007FEEA930000) ( 0x0, 0x14566b0, 0x0, 0x14351190 ) 
0x000007FEEA95CA1D	NULL (NULL:0) (asyncoremt:0x000007FEEA930000) ( 0x0, 0x15b56fd0, 0x0, 0x0 ) 
0x000007FEE6A53FEF	NULL (NULL:0) (MSVCR110:0x000007FEE6A30000) ( 0xe6af1db0, 0x0, 0x0, 0x0 ) 
0x000007FEE6A54196	NULL (NULL:0) (MSVCR110:0x000007FEE6A30000) ( 0x0, 0x0, 0x0, 0x0 ) 
0x000000007727652D	NULL (NULL:0) (kernel32:0x0000000077260000) ( 0x0, 0x0, 0x0, 0x0 ) 

Thread 8900
=====================
0x00000000773D135A	NULL (NULL:0) (ntdll:0x0000000077380000) ( 0x0, 0x1, 0x1, 0xea95c409 ) 
0x000007FEFD5F10AC	NULL (NULL:0) (KERNELBASE:0x000007FEFD5F0000) ( 0x3db7348, 0x22c4, 0x0, 0x97c ) 
0x000007FEE6BEC745	NULL (NULL:0) (baselibmt:0x000007FEE6BC0000) ( 0x1, 0x3db7348, 0x3db7348, 0x0 ) 
0x000007FEEA95C723	NULL (NULL:0) (asyncoremt:0x000007FEEA930000) ( 0x0, 0x14566b0, 0x0, 0x14da79c0 ) 
0x000007FEEA95CA1D	NULL (NULL:0) (asyncoremt:0x000007FEEA930000) ( 0x0, 0x15b57460, 0x0, 0x0 ) 
0x000007FEE6A53FEF	NULL (NULL:0) (MSVCR110:0x000007FEE6A30000) ( 0xe6af1db0, 0x0, 0x0, 0x0 ) 
0x000007FEE6A54196	NULL (NULL:0) (MSVCR110:0x000007FEE6A30000) ( 0x0, 0x0, 0x0, 0x0 ) 
0x000000007727652D	NULL (NULL:0) (kernel32:0x0000000077260000) ( 0x0, 0x0, 0x0, 0x0 ) 

Thread 8600
=====================
0x00000000773D135A	NULL (NULL:0) (ntdll:0x0000000077380000) ( 0x0, 0x1, 0x1, 0xea95c409 ) 
0x000007FEFD5F10AC	NULL (NULL:0) (KERNELBASE:0x000007FEFD5F0000) ( 0x3db7348, 0x2198, 0x0, 0x96c ) 
0x000007FEE6BEC745	NULL (NULL:0) (baselibmt:0x000007FEE6BC0000) ( 0x1, 0x3db7348, 0x3db7348, 0x0 ) 
0x000007FEEA95C723	NULL (NULL:0) (asyncoremt:0x000007FEEA930000) ( 0x0, 0x14566b0, 0x0, 0x14da7bb0 ) 
0x000007FEEA95CA1D	NULL (NULL:0) (asyncoremt:0x000007FEEA930000) ( 0x0, 0x15b56fd0, 0x0, 0x0 ) 
0x000007FEE6A53FEF	NULL (NULL:0) (MSVCR110:0x000007FEE6A30000) ( 0xe6af1db0, 0x0, 0x0, 0x0 ) 
0x000007FEE6A54196	NULL (NULL:0) (MSVCR110:0x000007FEE6A30000) ( 0x0, 0x0, 0x0, 0x0 ) 
0x000000007727652D	NULL (NULL:0) (kernel32:0x0000000077260000) ( 0x0, 0x0, 0x0, 0x0 ) 

Thread 5332
=====================
0x00000000773D135A	NULL (NULL:0) (ntdll:0x0000000077380000) ( 0x3e48270, 0x7728307a, 0xfffffffe, 0x14c3d118 ) 
0x000007FEFD5F10AC	NULL (NULL:0) (KERNELBASE:0x000007FEFD5F0000) ( 0x3db7348, 0x14d4, 0x0, 0xb14 ) 
0x000007FEE6BEC745	NULL (NULL:0) (baselibmt:0x000007FEE6BC0000) ( 0x3e48270, 0x14da7da0, 0x3db7348, 0x0 ) 
0x000007FEEA95C723	NULL (NULL:0) (asyncoremt:0x000007FEEA930000) ( 0x0, 0x14566b0, 0x0, 0x14da7da0 ) 
0x000007FEEA95CA1D	NULL (NULL:0) (asyncoremt:0x000007FEEA930000) ( 0x0, 0x375ee20, 0x0, 0x0 ) 
0x000007FEE6A53FEF	NULL (NULL:0) (MSVCR110:0x000007FEE6A30000) ( 0xe6af1db0, 0x0, 0x0, 0x0 ) 
0x000007FEE6A54196	NULL (NULL:0) (MSVCR110:0x000007FEE6A30000) ( 0x0, 0x0, 0x0, 0x0 ) 
0x000000007727652D	NULL (NULL:0) (kernel32:0x0000000077260000) ( 0x0, 0x0, 0x0, 0x0 ) 
